# JRE version: OpenJDK Runtime Environment Temurin-17.0.6+10 (17.0.6+10) (build 17.0.6+10)
# Java VM: OpenJDK 64-Bit Server VM Temurin-17.0.6+10 (17.0.6+10, mixed mode, emulated-client, tiered, compressed oops, compressed class ptrs, g1 gc, windows-amd64)
GC Precious Log:
 CPUs: 16 total, 16 available
 Memory: 16233M
 Large Page Support: Disabled
 NUMA Support: Disabled
 Compressed Oops: Enabled (Zero based)
 Heap Region Size: 2M
 Heap Min Capacity: 8M
 Heap Initial Capacity: 254M
 Heap Max Capacity: 4060M
 Pre-touch: Disabled
 Parallel Workers: 13
 Concurrent Workers: 3
 Concurrent Refinement Workers: 13
 Periodic GC: Disabled
Heap:
 garbage-first heap   total 147456K, used 26616K [0x0000000702400000, 0x0000000800000000)
  region size 2048K, 10 young (20480K), 1 survivors (2048K)
 Metaspace       used 33271K, committed 33664K, reserved 1081344K
  class space    used 4100K, committed 4288K, reserved 1048576K
GC Heap History (12 events):
Event: 0.478 GC heap before
{Heap before GC invocations=0 (full 0):
 garbage-first heap   total 260096K, used 22528K [0x0000000702400000, 0x0000000800000000)
  region size 2048K, 11 young (22528K), 0 survivors (0K)
 Metaspace       used 16290K, committed 16512K, reserved 1064960K
  class space    used 1747K, committed 1856K, reserved 1048576K
}
Event: 0.480 GC heap after
{Heap after GC invocations=1 (full 0):
 garbage-first heap   total 260096K, used 4699K [0x0000000702400000, 0x0000000800000000)
  region size 2048K, 2 young (4096K), 2 survivors (4096K)
 Metaspace       used 16290K, committed 16512K, reserved 1064960K
  class space    used 1747K, committed 1856K, reserved 1048576K
}
Event: 0.701 GC heap before
{Heap before GC invocations=1 (full 0):
 garbage-first heap   total 260096K, used 23131K [0x0000000702400000, 0x0000000800000000)
  region size 2048K, 13 young (26624K), 2 survivors (4096K)
 Metaspace       used 21296K, committed 21504K, reserved 1073152K
  class space    used 2440K, committed 2560K, reserved 1048576K
}
Event: 0.704 GC heap after
{Heap after GC invocations=2 (full 0):
 garbage-first heap   total 260096K, used 6215K [0x0000000702400000, 0x0000000800000000)
  region size 2048K, 1 young (2048K), 1 survivors (2048K)
 Metaspace       used 21296K, committed 21504K, reserved 1073152K
  class space    used 2440K, committed 2560K, reserved 1048576K
}
Event: 0.799 GC heap before
{Heap before GC invocations=3 (full 0):
 garbage-first heap   total 34816K, used 22599K [0x0000000702400000, 0x0000000800000000)
  region size 2048K, 10 young (20480K), 1 survivors (2048K)
 Metaspace       used 25535K, committed 25792K, reserved 1073152K
  class space    used 3016K, committed 3136K, reserved 1048576K
}
Event: 0.800 GC heap after
{Heap after GC invocations=4 (full 0):
 garbage-first heap   total 34816K, used 7508K [0x0000000702400000, 0x0000000800000000)
  region size 2048K, 2 young (4096K), 2 survivors (4096K)
 Metaspace       used 25535K, committed 25792K, reserved 1073152K
  class space    used 3016K, committed 3136K, reserved 1048576K
}
Event: 0.823 GC heap before
{Heap before GC invocations=4 (full 0):
 garbage-first heap   total 34816K, used 9556K [0x0000000702400000, 0x0000000800000000)
  region size 2048K, 3 young (6144K), 2 survivors (4096K)
 Metaspace       used 25847K, committed 26112K, reserved 1073152K
  class space    used 3069K, committed 3200K, reserved 1048576K
}
Event: 0.825 GC heap after
{Heap after GC invocations=5 (full 0):
 garbage-first heap   total 34816K, used 8058K [0x0000000702400000, 0x0000000800000000)
  region size 2048K, 1 young (2048K), 1 survivors (2048K)
 Metaspace       used 25847K, committed 26112K, reserved 1073152K
  class space    used 3069K, committed 3200K, reserved 1048576K
}
Event: 0.976 GC heap before
{Heap before GC invocations=5 (full 0):
 garbage-first heap   total 34816K, used 22394K [0x0000000702400000, 0x0000000800000000)
  region size 2048K, 8 young (16384K), 1 survivors (2048K)
 Metaspace       used 27244K, committed 27520K, reserved 1073152K
  class space    used 3276K, committed 3392K, reserved 1048576K
}
Event: 0.978 GC heap after
{Heap after GC invocations=6 (full 0):
 garbage-first heap   total 34816K, used 8817K [0x0000000702400000, 0x0000000800000000)
  region size 2048K, 1 young (2048K), 1 survivors (2048K)
 Metaspace       used 27244K, committed 27520K, reserved 1073152K
  class space    used 3276K, committed 3392K, reserved 1048576K
}
Event: 1.156 GC heap before
{Heap before GC invocations=6 (full 0):
 garbage-first heap   total 34816K, used 23153K [0x0000000702400000, 0x0000000800000000)
  region size 2048K, 8 young (16384K), 1 survivors (2048K)
 Metaspace       used 30049K, committed 30400K, reserved 1081344K
  class space    used 3673K, committed 3840K, reserved 1048576K
}
Event: 1.159 GC heap after
{Heap after GC invocations=7 (full 0):
 garbage-first heap   total 147456K, used 10232K [0x0000000702400000, 0x0000000800000000)
  region size 2048K, 1 young (2048K), 1 survivors (2048K)
 Metaspace       used 30049K, committed 30400K, reserved 1081344K
  class space    used 3673K, committed 3840K, reserved 1048576K
}

